1708234845.325739 client started (72891): version 3.4, socket /private/tmp/tmux-501/default, protocol 8
1708234845.325890 on Darwin 23.2.0 Darwin Kernel Version 23.2.0: Wed Nov 15 21:59:33 PST 2023; root:xnu-10002.61.3~2/RELEASE_ARM64_T8112
1708234845.325915 using libevent 2.1.12-stable select
1708234845.326421 using utf8proc 2.9.0
1708234845.326453 using ncurses 6.4 20221231
1708234845.326483 flags are 0x10010000
1708234845.326494 socket is /private/tmp/tmux-501/default
1708234845.326511 trying connect
1708234845.326577 add peer 0x148048000: 6 (0x0)
1708234845.329079 sending message 100 to peer 0x148048000 (4 bytes)
1708234845.329096 sending message 111 to peer 0x148048000 (8 bytes)
1708234845.329105 sending message 101 to peer 0x148048000 (16 bytes)
1708234845.329114 sending message 109 to peer 0x148048000 (4 bytes)
1708234845.329123 sending message 102 to peer 0x148048000 (13 bytes)
1708234845.329131 sending message 108 to peer 0x148048000 (27 bytes)
1708234845.329139 sending message 112 to peer 0x148048000 (70 bytes)
1708234845.329146 sending message 112 to peer 0x148048000 (5 bytes)
1708234845.329154 sending message 112 to peer 0x148048000 (5 bytes)
1708234845.329161 sending message 112 to peer 0x148048000 (6 bytes)
1708234845.329169 sending message 112 to peer 0x148048000 (6 bytes)
1708234845.329177 sending message 112 to peer 0x148048000 (11 bytes)
1708234845.329184 sending message 112 to peer 0x148048000 (10 bytes)
1708234845.329192 sending message 112 to peer 0x148048000 (13 bytes)
1708234845.329199 sending message 112 to peer 0x148048000 (13 bytes)
1708234845.329207 sending message 112 to peer 0x148048000 (18 bytes)
1708234845.329214 sending message 112 to peer 0x148048000 (11 bytes)
1708234845.329222 sending message 112 to peer 0x148048000 (21 bytes)
1708234845.329229 sending message 112 to peer 0x148048000 (13 bytes)
1708234845.329237 sending message 112 to peer 0x148048000 (7 bytes)
1708234845.329244 sending message 112 to peer 0x148048000 (13 bytes)
1708234845.329252 sending message 112 to peer 0x148048000 (7 bytes)
1708234845.329259 sending message 112 to peer 0x148048000 (13 bytes)
1708234845.329267 sending message 112 to peer 0x148048000 (9 bytes)
1708234845.329274 sending message 112 to peer 0x148048000 (21 bytes)
1708234845.329281 sending message 112 to peer 0x148048000 (13 bytes)
1708234845.329289 sending message 112 to peer 0x148048000 (8 bytes)
1708234845.329297 sending message 112 to peer 0x148048000 (12 bytes)
1708234845.329304 sending message 112 to peer 0x148048000 (13 bytes)
1708234845.329311 sending message 112 to peer 0x148048000 (9 bytes)
1708234845.329319 sending message 112 to peer 0x148048000 (9 bytes)
1708234845.329326 sending message 112 to peer 0x148048000 (12 bytes)
1708234845.329333 sending message 112 to peer 0x148048000 (8 bytes)
1708234845.329341 sending message 112 to peer 0x148048000 (7 bytes)
1708234845.329348 sending message 112 to peer 0x148048000 (7 bytes)
1708234845.329356 sending message 112 to peer 0x148048000 (9 bytes)
1708234845.329363 sending message 112 to peer 0x148048000 (13 bytes)
1708234845.329370 sending message 112 to peer 0x148048000 (9 bytes)
1708234845.329378 sending message 112 to peer 0x148048000 (15 bytes)
1708234845.329385 sending message 112 to peer 0x148048000 (13 bytes)
1708234845.329392 sending message 112 to peer 0x148048000 (12 bytes)
1708234845.329400 sending message 112 to peer 0x148048000 (8 bytes)
1708234845.329407 sending message 112 to peer 0x148048000 (14 bytes)
1708234845.329414 sending message 112 to peer 0x148048000 (9 bytes)
1708234845.329422 sending message 112 to peer 0x148048000 (10 bytes)
1708234845.329429 sending message 112 to peer 0x148048000 (10 bytes)
1708234845.329436 sending message 112 to peer 0x148048000 (10 bytes)
1708234845.329444 sending message 112 to peer 0x148048000 (10 bytes)
1708234845.329451 sending message 112 to peer 0x148048000 (11 bytes)
1708234845.329458 sending message 112 to peer 0x148048000 (10 bytes)
1708234845.329465 sending message 112 to peer 0x148048000 (8 bytes)
1708234845.329473 sending message 112 to peer 0x148048000 (11 bytes)
1708234845.329501 sending message 112 to peer 0x148048000 (11 bytes)
1708234845.329507 sending message 112 to peer 0x148048000 (11 bytes)
1708234845.329512 sending message 112 to peer 0x148048000 (8 bytes)
1708234845.329517 sending message 112 to peer 0x148048000 (8 bytes)
1708234845.329522 sending message 112 to peer 0x148048000 (8 bytes)
1708234845.329528 sending message 112 to peer 0x148048000 (10 bytes)
1708234845.329533 sending message 112 to peer 0x148048000 (10 bytes)
1708234845.329538 sending message 112 to peer 0x148048000 (10 bytes)
1708234845.329543 sending message 112 to peer 0x148048000 (10 bytes)
1708234845.329548 sending message 112 to peer 0x148048000 (10 bytes)
1708234845.329553 sending message 112 to peer 0x148048000 (11 bytes)
1708234845.329558 sending message 112 to peer 0x148048000 (11 bytes)
1708234845.329563 sending message 112 to peer 0x148048000 (10 bytes)
1708234845.329568 sending message 112 to peer 0x148048000 (9 bytes)
1708234845.329573 sending message 112 to peer 0x148048000 (9 bytes)
1708234845.329578 sending message 112 to peer 0x148048000 (12 bytes)
1708234845.329583 sending message 112 to peer 0x148048000 (9 bytes)
1708234845.329588 sending message 112 to peer 0x148048000 (6 bytes)
1708234845.329593 sending message 112 to peer 0x148048000 (13 bytes)
1708234845.329598 sending message 112 to peer 0x148048000 (8 bytes)
1708234845.329603 sending message 112 to peer 0x148048000 (15 bytes)
1708234845.329609 sending message 112 to peer 0x148048000 (13 bytes)
1708234845.329614 sending message 112 to peer 0x148048000 (70 bytes)
1708234845.329619 sending message 112 to peer 0x148048000 (69 bytes)
1708234845.329624 sending message 112 to peer 0x148048000 (10 bytes)
1708234845.329629 sending message 112 to peer 0x148048000 (8 bytes)
1708234845.329634 sending message 112 to peer 0x148048000 (15 bytes)
1708234845.329639 sending message 112 to peer 0x148048000 (13 bytes)
1708234845.329644 sending message 112 to peer 0x148048000 (10 bytes)
1708234845.329650 sending message 112 to peer 0x148048000 (10 bytes)
1708234845.329655 sending message 112 to peer 0x148048000 (5 bytes)
1708234845.329659 sending message 112 to peer 0x148048000 (15 bytes)
1708234845.329664 sending message 104 to peer 0x148048000 (0 bytes)
1708234845.329672 sending message 110 to peer 0x148048000 (0 bytes)
1708234845.329677 sending message 107 to peer 0x148048000 (4 bytes)
1708234845.329682 sending message 105 to peer 0x148048000 (62 bytes)
1708234845.329686 sending message 105 to peer 0x148048000 (19 bytes)
1708234845.329691 sending message 105 to peer 0x148048000 (15 bytes)
1708234845.329695 sending message 105 to peer 0x148048000 (20 bytes)
1708234845.329700 sending message 105 to peer 0x148048000 (22 bytes)
1708234845.329704 sending message 105 to peer 0x148048000 (23 bytes)
1708234845.329708 sending message 105 to peer 0x148048000 (44 bytes)
1708234845.329712 sending message 105 to peer 0x148048000 (37 bytes)
1708234845.329716 sending message 105 to peer 0x148048000 (30 bytes)
1708234845.329720 sending message 105 to peer 0x148048000 (52 bytes)
1708234845.329725 sending message 105 to peer 0x148048000 (14 bytes)
1708234845.329729 sending message 105 to peer 0x148048000 (95 bytes)
1708234845.329733 sending message 105 to peer 0x148048000 (98 bytes)
1708234845.329737 sending message 105 to peer 0x148048000 (64 bytes)
1708234845.329741 sending message 105 to peer 0x148048000 (25 bytes)
1708234845.329745 sending message 105 to peer 0x148048000 (19 bytes)
1708234845.329749 sending message 105 to peer 0x148048000 (22 bytes)
1708234845.329753 sending message 105 to peer 0x148048000 (61 bytes)
1708234845.329758 sending message 105 to peer 0x148048000 (17 bytes)
1708234845.329762 sending message 105 to peer 0x148048000 (19 bytes)
1708234845.329766 sending message 105 to peer 0x148048000 (27 bytes)
1708234845.329770 sending message 105 to peer 0x148048000 (8 bytes)
1708234845.329774 sending message 105 to peer 0x148048000 (15 bytes)
1708234845.329778 sending message 105 to peer 0x148048000 (32 bytes)
1708234845.329782 sending message 105 to peer 0x148048000 (96 bytes)
1708234845.329796 sending message 105 to peer 0x148048000 (34 bytes)
1708234845.329801 sending message 105 to peer 0x148048000 (12 bytes)
1708234845.329805 sending message 105 to peer 0x148048000 (11 bytes)
1708234845.329809 sending message 105 to peer 0x148048000 (758 bytes)
1708234845.329814 sending message 105 to peer 0x148048000 (111 bytes)
1708234845.329818 sending message 105 to peer 0x148048000 (31 bytes)
1708234845.329823 sending message 105 to peer 0x148048000 (15 bytes)
1708234845.329827 sending message 105 to peer 0x148048000 (8 bytes)
1708234845.329831 sending message 105 to peer 0x148048000 (66 bytes)
1708234845.329835 sending message 105 to peer 0x148048000 (21 bytes)
1708234845.329839 sending message 105 to peer 0x148048000 (18 bytes)
1708234845.329843 sending message 105 to peer 0x148048000 (25 bytes)
1708234845.329847 sending message 105 to peer 0x148048000 (60 bytes)
1708234845.329852 sending message 105 to peer 0x148048000 (57 bytes)
1708234845.329856 sending message 105 to peer 0x148048000 (43 bytes)
1708234845.329860 sending message 105 to peer 0x148048000 (13 bytes)
1708234845.329864 sending message 105 to peer 0x148048000 (12 bytes)
1708234845.329868 sending message 105 to peer 0x148048000 (14 bytes)
1708234845.329872 sending message 105 to peer 0x148048000 (19 bytes)
1708234845.329876 sending message 105 to peer 0x148048000 (29 bytes)
1708234845.329881 sending message 105 to peer 0x148048000 (11 bytes)
1708234845.329885 sending message 105 to peer 0x148048000 (7 bytes)
1708234845.329889 sending message 105 to peer 0x148048000 (26 bytes)
1708234845.329893 sending message 105 to peer 0x148048000 (22 bytes)
1708234845.329897 sending message 105 to peer 0x148048000 (43 bytes)
1708234845.329901 sending message 105 to peer 0x148048000 (34 bytes)
1708234845.329905 sending message 105 to peer 0x148048000 (34 bytes)
1708234845.329909 sending message 105 to peer 0x148048000 (33 bytes)
1708234845.329913 sending message 105 to peer 0x148048000 (34 bytes)
1708234845.329918 sending message 105 to peer 0x148048000 (10 bytes)
1708234845.329922 sending message 105 to peer 0x148048000 (25 bytes)
1708234845.329926 sending message 106 to peer 0x148048000 (0 bytes)
1708234845.329990 sending message 200 to peer 0x148048000 (4 bytes)
1708234845.329996 client loop enter
1708234845.330166 peer 0x148048000 message 303
1708234845.330176 open write file 2 -
1708234845.330187 sending message 305 to peer 0x148048000 (8 bytes)
1708234845.330201 write check file 2
1708234845.330226 peer 0x148048000 message 304
1708234845.330232 write 58 to file 2
1708234845.330237 peer 0x148048000 message 203
1708234845.330242 file 2 58 bytes left
1708234845.330256 write check file 2
1708234845.330261 client loop exit
